<?xml version="1.0" encoding="UTF-8"?>
<!-- Generated by org.testng.reporters.JUnitXMLReporter -->
<testsuite ignored="12" hostname="DESKTOP-JLEHTDL" failures="0" tests="1" name="Default test" time="7.935" errors="0" timestamp="2026-03-06T21:12:26 EET">
  <testcase classname="test.myTestCases" name="StaticDropdown" time="0.338"/>
  <testcase classname="test.myTestCases" name="DynamicDropdown" time="0.0">
    <ignored/>
  </testcase> <!-- DynamicDropdown -->
  <testcase classname="test.myTestCases" name="RadioButton" time="0.0">
    <ignored/>
  </testcase> <!-- RadioButton -->
  <testcase classname="test.myTestCases" name="Calender" time="0.0">
    <ignored/>
  </testcase> <!-- Calender -->
  <testcase classname="test.myTestCases" name="EnabledAndDisabled" time="0.0">
    <ignored/>
  </testcase> <!-- EnabledAndDisabled -->
  <testcase classname="test.myTestCases" name="Checkbox" time="0.0">
    <ignored/>
  </testcase> <!-- Checkbox -->
  <testcase classname="test.myTestCases" name="switchTab" time="0.0">
    <ignored/>
  </testcase> <!-- switchTab -->
  <testcase classname="test.myTestCases" name="Iframe" time="0.0">
    <ignored/>
  </testcase> <!-- Iframe -->
  <testcase classname="test.myTestCases" name="TheTable" time="0.0">
    <ignored/>
  </testcase> <!-- TheTable -->
  <testcase classname="test.myTestCases" name="MouseHover" time="0.0">
    <ignored/>
  </testcase> <!-- MouseHover -->
  <testcase classname="test.myTestCases" name="switchWindow" time="0.0">
    <ignored/>
  </testcase> <!-- switchWindow -->
  <testcase classname="test.myTestCases" name="AlertAndConfirm" time="0.0">
    <ignored/>
  </testcase> <!-- AlertAndConfirm -->
  <testcase classname="test.myTestCases" name="HideAndShow" time="0.0">
    <ignored/>
  </testcase> <!-- HideAndShow -->
</testsuite> <!-- Default test -->
