<?xml version="1.0" encoding="UTF-8"?>
<testng-results ignored="12" total="13" passed="1" failed="0" skipped="0">
  <reporter-output>
  </reporter-output>
  <suite started-at="2026-03-06T21:12:18 EET" name="Default suite" finished-at="2026-03-06T21:12:26 EET" duration-ms="7935">
    <groups>
    </groups>
    <test started-at="2026-03-06T21:12:18 EET" name="Default test" finished-at="2026-03-06T21:12:26 EET" duration-ms="7935">
      <class name="test.myTestCases">
        <test-method is-config="true" signature="mySetUp()[pri:0, instance:test.myTestCases@6f152006]" started-at="2026-03-06T21:12:18 EET" name="mySetUp" finished-at="2026-03-06T21:12:26 EET" duration-ms="7523" status="PASS">
          <reporter-output>
          </reporter-output>
        </test-method> <!-- mySetUp -->
        <test-method signature="StaticDropdown()[pri:0, instance:test.myTestCases@6f152006]" started-at="2026-03-06T21:12:26 EET" name="StaticDropdown" finished-at="2026-03-06T21:12:26 EET" duration-ms="338" status="PASS">
          <reporter-output>
          </reporter-output>
        </test-method> <!-- StaticDropdown -->
      </class> <!-- test.myTestCases -->
    </test> <!-- Default test -->
  </suite> <!-- Default suite -->
</testng-results>
