<?xml version="1.0" encoding="UTF-8"?>
<!-- Generated by org.testng.reporters.JUnitReportReporter -->
<testsuite hostname="DESKTOP-JLEHTDL" failures="0" tests="13" name="test.myTestCases" time="0.338" errors="0" timestamp="2026-03-06T21:12:26 EET" skipped="12">
  <testcase classname="test.myTestCases" name="StaticDropdown" time="0.338"/>
  <testcase classname="test.myTestCases" name="DynamicDropdown">
    <skipped/>
  </testcase> <!-- DynamicDropdown -->
  <testcase classname="test.myTestCases" name="RadioButton">
    <skipped/>
  </testcase> <!-- RadioButton -->
  <testcase classname="test.myTestCases" name="Calender">
    <skipped/>
  </testcase> <!-- Calender -->
  <testcase classname="test.myTestCases" name="EnabledAndDisabled">
    <skipped/>
  </testcase> <!-- EnabledAndDisabled -->
  <testcase classname="test.myTestCases" name="Checkbox">
    <skipped/>
  </testcase> <!-- Checkbox -->
  <testcase classname="test.myTestCases" name="switchTab">
    <skipped/>
  </testcase> <!-- switchTab -->
  <testcase classname="test.myTestCases" name="Iframe">
    <skipped/>
  </testcase> <!-- Iframe -->
  <testcase classname="test.myTestCases" name="TheTable">
    <skipped/>
  </testcase> <!-- TheTable -->
  <testcase classname="test.myTestCases" name="MouseHover">
    <skipped/>
  </testcase> <!-- MouseHover -->
  <testcase classname="test.myTestCases" name="switchWindow">
    <skipped/>
  </testcase> <!-- switchWindow -->
  <testcase classname="test.myTestCases" name="AlertAndConfirm">
    <skipped/>
  </testcase> <!-- AlertAndConfirm -->
  <testcase classname="test.myTestCases" name="HideAndShow">
    <skipped/>
  </testcase> <!-- HideAndShow -->
</testsuite> <!-- test.myTestCases -->
